0 info it worked if it ends with ok
1 verbose cli [ 'C:\\Program Files\\nodejs\\node.exe',
1 verbose cli   'C:\\Program Files\\nodejs\\node_modules\\npm\\bin\\npm-cli.js',
1 verbose cli   'run-script',
1 verbose cli   'sinon' ]
2 info using npm@3.3.6
3 info using node@v5.0.0
4 verbose run-script [ 'presinon', 'sinon', 'postsinon' ]
5 info lifecycle mocha-chai-sinon@0.0.0~presinon: mocha-chai-sinon@0.0.0
6 silly lifecycle mocha-chai-sinon@0.0.0~presinon: no script for presinon, continuing
7 info lifecycle mocha-chai-sinon@0.0.0~sinon: mocha-chai-sinon@0.0.0
8 verbose lifecycle mocha-chai-sinon@0.0.0~sinon: unsafe-perm in lifecycle true
9 verbose lifecycle mocha-chai-sinon@0.0.0~sinon: PATH: C:\Program Files\nodejs\node_modules\npm\bin\node-gyp-bin;C:\Users\Cristina\Desktop\mocha-y-chai-daniel-cristina\node_modules\.bin;C:\Users\Cristina\AppData\Roaming\npm;C:\Program Files\nodejs\;C:\ProgramData\Oracle\Java\javapath;C:\WINDOWS\system32;C:\WINDOWS;C:\WINDOWS\System32\Wbem;C:\WINDOWS\System32\WindowsPowerShell\v1.0\;C:\Program Files (x86)\Skype\Phone\;C:\Program Files\nodejs\;C:\Program Files\MATLAB\MATLAB Production Server\R2015a\runtime\win64;C:\Program Files\MATLAB\MATLAB Production Server\R2015a\bin;C:\Program Files\MATLAB\MATLAB Production Server\R2015a\polyspace\bin;C:\Users\Cristina\AppData\Roaming\npm;C:\Users\Cristina\AppData\Local\atom\bin;C:\Users\Cristina\AppData\Local\Pandoc\
10 verbose lifecycle mocha-chai-sinon@0.0.0~sinon: CWD: C:\Users\Cristina\Desktop\mocha-y-chai-daniel-cristina
11 silly lifecycle mocha-chai-sinon@0.0.0~sinon: Args: [ '/d /s /c',
11 silly lifecycle   'curl http://sinonjs.org/releases/sinon-1.12.2.js -o vendor/sinon-1.12.2.js' ]
12 silly lifecycle mocha-chai-sinon@0.0.0~sinon: Returned: code: 1  signal: null
13 info lifecycle mocha-chai-sinon@0.0.0~sinon: Failed to exec sinon script
14 verbose stack Error: mocha-chai-sinon@0.0.0 sinon: `curl http://sinonjs.org/releases/sinon-1.12.2.js -o vendor/sinon-1.12.2.js`
14 verbose stack Exit status 1
14 verbose stack     at EventEmitter.<anonymous> (C:\Program Files\nodejs\node_modules\npm\lib\utils\lifecycle.js:233:16)
14 verbose stack     at emitTwo (events.js:87:13)
14 verbose stack     at EventEmitter.emit (events.js:172:7)
14 verbose stack     at ChildProcess.<anonymous> (C:\Program Files\nodejs\node_modules\npm\lib\utils\spawn.js:24:14)
14 verbose stack     at emitTwo (events.js:87:13)
14 verbose stack     at ChildProcess.emit (events.js:172:7)
14 verbose stack     at maybeClose (internal/child_process.js:818:16)
14 verbose stack     at Process.ChildProcess._handle.onexit (internal/child_process.js:211:5)
15 verbose pkgid mocha-chai-sinon@0.0.0
16 verbose cwd C:\Users\Cristina\Desktop\mocha-y-chai-daniel-cristina
17 error Windows_NT 10.0.10586
18 error argv "C:\\Program Files\\nodejs\\node.exe" "C:\\Program Files\\nodejs\\node_modules\\npm\\bin\\npm-cli.js" "run-script" "sinon"
19 error node v5.0.0
20 error npm  v3.3.6
21 error code ELIFECYCLE
22 error mocha-chai-sinon@0.0.0 sinon: `curl http://sinonjs.org/releases/sinon-1.12.2.js -o vendor/sinon-1.12.2.js`
22 error Exit status 1
23 error Failed at the mocha-chai-sinon@0.0.0 sinon script 'curl http://sinonjs.org/releases/sinon-1.12.2.js -o vendor/sinon-1.12.2.js'.
23 error This is most likely a problem with the mocha-chai-sinon package,
23 error not with npm itself.
23 error Tell the author that this fails on your system:
23 error     curl http://sinonjs.org/releases/sinon-1.12.2.js -o vendor/sinon-1.12.2.js
23 error You can get their info via:
23 error     npm owner ls mocha-chai-sinon
23 error There is likely additional logging output above.
24 verbose exit [ 1, true ]
